********************************************************************************
product = WebSphere Application Server 17.0.0.3 (wlp-1.0.18.cl170320170927-1854)
wlp.install.dir = /home/ubuntu/wlp/
java.home = /usr/lib/jvm/java-1.7.0-openjdk-1.7.0.151-2.6.11.1.el7_4.x86_64/jre
java.version = 1.7.0_151
java.runtime = OpenJDK Runtime Environment (1.7.0_151-mockbuild_2017_08_02_08_29-b00)
os = Linux (3.10.0-693.el7.x86_64; amd64) (en_US)
process = 1478@RHELdls01
********************************************************************************
[11/23/17 17:40:28:605 EST] 00000001 com.ibm.ws.kernel.launch.internal.FrameworkManager           A CWWKE0001I: The server defaultServer has been launched.
[11/23/17 17:40:28:625 EST] 00000001 com.ibm.ws.kernel.launch.internal.FrameworkManager           A CWWKE0100I: This product is licensed for development, and limited production use. The full license terms can be viewed here: https://public.dhe.ibm.com/ibmdl/export/pub/software/websphere/wasdev/license/base_ilan/ilan/17.0.0.3/lafiles/en.html
[11/23/17 17:40:31:055 EST] 00000001 com.ibm.ws.kernel.launch.internal.FrameworkManager           I CWWKE0002I: The kernel started after 2.925 seconds
[11/23/17 17:40:31:232 EST] 00000017 com.ibm.ws.kernel.feature.internal.FeatureManager            I CWWKF0007I: Feature update started.
[11/23/17 17:40:34:949 EST] 00000010 com.ibm.ws.security.ready.internal.SecurityReadyServiceImpl  I CWWKS0007I: The security service is starting...
[11/23/17 17:40:35:445 EST] 00000010 com.ibm.ws.app.manager.internal.monitor.DropinMonitor        A CWWKZ0058I: Monitoring dropins for applications. 
[11/23/17 17:40:35:614 EST] 00000023 com.ibm.ws.tcpchannel.internal.TCPChannel                    I CWWKO0219I: TCP Channel defaultHttpEndpoint has been started and is now listening for requests on host localhost  (IPv4: 127.0.0.1) port 9080.
[11/23/17 17:40:36:171 EST] 00000029 com.ibm.ws.security.token.ltpa.internal.LTPAKeyInfoManager   I CWWKS4103I: Creating the LTPA keys. This may take a few seconds.
[11/23/17 17:40:36:190 EST] 00000010 ibm.ws.security.authentication.internal.jaas.JAASServiceImpl I CWWKS1123I: The collective authentication plugin with class name NullCollectiveAuthenticationPlugin has been activated. 
[11/23/17 17:40:36:741 EST] 00000010 com.ibm.ws.cache.ServerCache                                 I DYNA1001I: WebSphere Dynamic Cache instance named baseCache initialized successfully.
[11/23/17 17:40:36:743 EST] 00000010 com.ibm.ws.cache.ServerCache                                 I DYNA1071I: The cache provider default is being used.
[11/23/17 17:40:36:744 EST] 00000010 com.ibm.ws.cache.CacheServiceImpl                            I DYNA1056I: Dynamic Cache (object cache) initialized successfully.
[11/23/17 17:40:37:041 EST] 00000029 com.ibm.ws.security.token.ltpa.internal.LTPAKeyInfoManager   A CWWKS4104A: LTPA keys created in 0.870 seconds. LTPA key file: /home/ubuntu/wlp/usr/servers/defaultServer/resources/security/ltpa.keys
[11/23/17 17:40:37:047 EST] 00000029 com.ibm.ws.security.token.ltpa.internal.LTPAKeyCreateTask    I CWWKS4105I: LTPA configuration is ready after 0.881 seconds.
[11/23/17 17:40:37:238 EST] 00000017 com.ibm.ws.kernel.feature.internal.FeatureManager            A CWWKF0012I: The server installed the following features: [webProfile-7.0, json-1.0, jaxrs-2.0, appSecurity-2.0, jpa-2.1, cdi-1.2, jaxrsClient-2.0, distributedMap-1.0, websocket-1.1, el-3.0, ssl-1.0, jdbc-4.1, beanValidation-1.1, managedBeans-1.0, jpaContainer-2.1, servlet-3.1, jsf-2.2, jsp-2.3, jndi-1.0, jsonp-1.0, ejbLite-3.2].
[11/23/17 17:40:37:238 EST] 00000017 com.ibm.ws.kernel.feature.internal.FeatureManager            I CWWKF0008I: Feature update completed in 6.207 seconds.
[11/23/17 17:40:37:239 EST] 00000017 com.ibm.ws.kernel.feature.internal.FeatureManager            A CWWKF0011I: The server defaultServer is ready to run a smarter planet.
[11/23/17 17:43:45:582 EST] 0000000c com.ibm.ws.kernel.launch.internal.FrameworkManager           A CWWKE0085I: The server defaultServer is stopping because the JVM is exiting.
[11/23/17 17:43:45:589 EST] 0000004a com.ibm.ws.runtime.update.internal.RuntimeUpdateManagerImpl  A CWWKE1100I: Waiting for up to 30 seconds for the server to quiesce.
[11/23/17 17:43:45:597 EST] 0000004b com.ibm.ws.tcpchannel.internal.TCPChannel                    I CWWKO0220I: TCP Channel defaultHttpEndpoint has stopped listening for requests on host localhost  (IPv4: 127.0.0.1) port 9080.
[11/23/17 17:43:45:601 EST] 0000004a com.ibm.ws.runtime.update.internal.RuntimeUpdateManagerImpl  I CWWKE1101I: Server quiesce complete.
[11/23/17 17:43:45:813 EST] 0000004a com.ibm.ws.security.ready.internal.SecurityReadyServiceImpl  I CWWKS0009I: The security service has stopped.
[11/23/17 17:43:45:827 EST] 0000004a ibm.ws.security.authentication.internal.jaas.JAASServiceImpl I CWWKS1124I: The collective authentication plugin with class name NullCollectiveAuthenticationPlugin has been deactivated. 
[11/23/17 17:43:46:185 EST] 00000001 com.ibm.ws.kernel.launch.internal.FrameworkManager           A CWWKE0036I: The server defaultServer stopped after 3 minutes, 18.077 seconds.
